# JRE version: Java(TM) SE Runtime Environment (9.0+11) (build 9.0.4+11)
# Java VM: Java HotSpot(TM) 64-Bit Server VM (9.0.4+11, mixed mode, tiered, compressed oops, g1 gc, windows-amd64)
Heap:
 garbage-first heap   total 157696K, used 96154K [0x0000000700000000, 0x00000007001004d0, 0x00000007c0000000)
  region size 1024K, 22 young (22528K), 1 survivors (1024K)
 Metaspace       used 86362K, capacity 88163K, committed 93900K, reserved 1130496K
  class space    used 11179K, capacity 11590K, committed 12800K, reserved 1048576K
GC Heap History (10 events):
Event: 24277.438 GC heap before
{Heap before GC invocations=1362 (full 147):
 garbage-first heap   total 157696K, used 135963K [0x0000000700000000, 0x00000007001004d0, 0x00000007c0000000)
  region size 1024K, 60 young (61440K), 1 survivors (1024K)
 Metaspace       used 86352K, capacity 88163K, committed 93900K, reserved 1130496K
  class space    used 11179K, capacity 11590K, committed 12800K, reserved 1048576K
}
Event: 24277.449 GC heap after
{Heap after GC invocations=1363 (full 147):
 garbage-first heap   total 157696K, used 75546K [0x0000000700000000, 0x00000007001004d0, 0x00000007c0000000)
  region size 1024K, 1 young (1024K), 1 survivors (1024K)
 Metaspace       used 86352K, capacity 88163K, committed 93900K, reserved 1130496K
  class space    used 11179K, capacity 11590K, committed 12800K, reserved 1048576K
}
Event: 24339.656 GC heap before
{Heap before GC invocations=1363 (full 147):
 garbage-first heap   total 157696K, used 135962K [0x0000000700000000, 0x00000007001004d0, 0x00000007c0000000)
  region size 1024K, 60 young (61440K), 1 survivors (1024K)
 Metaspace       used 86352K, capacity 88163K, committed 93900K, reserved 1130496K
  class space    used 11179K, capacity 11590K, committed 12800K, reserved 1048576K
}
Event: 24339.660 GC heap after
{Heap after GC invocations=1364 (full 147):
 garbage-first heap   total 157696K, used 75513K [0x0000000700000000, 0x00000007001004d0, 0x00000007c0000000)
  region size 1024K, 1 young (1024K), 1 survivors (1024K)
 Metaspace       used 86352K, capacity 88163K, committed 93900K, reserved 1130496K
  class space    used 11179K, capacity 11590K, committed 12800K, reserved 1048576K
}
Event: 24355.140 GC heap before
{Heap before GC invocations=1365 (full 147):
 garbage-first heap   total 157696K, used 135929K [0x0000000700000000, 0x00000007001004d0, 0x00000007c0000000)
  region size 1024K, 60 young (61440K), 1 survivors (1024K)
 Metaspace       used 86352K, capacity 88163K, committed 93900K, reserved 1130496K
  class space    used 11179K, capacity 11590K, committed 12800K, reserved 1048576K
}
Event: 24355.145 GC heap after
{Heap after GC invocations=1366 (full 147):
 garbage-first heap   total 157696K, used 75212K [0x0000000700000000, 0x00000007001004d0, 0x00000007c0000000)
  region size 1024K, 1 young (1024K), 1 survivors (1024K)
 Metaspace       used 86352K, capacity 88163K, committed 93900K, reserved 1130496K
  class space    used 11179K, capacity 11590K, committed 12800K, reserved 1048576K
}
Event: 24366.956 GC heap before
{Heap before GC invocations=1366 (full 147):
 garbage-first heap   total 157696K, used 135628K [0x0000000700000000, 0x00000007001004d0, 0x00000007c0000000)
  region size 1024K, 60 young (61440K), 1 survivors (1024K)
 Metaspace       used 86360K, capacity 88163K, committed 93900K, reserved 1130496K
  class space    used 11179K, capacity 11590K, committed 12800K, reserved 1048576K
}
Event: 24366.962 GC heap after
{Heap after GC invocations=1367 (full 147):
 garbage-first heap   total 157696K, used 75486K [0x0000000700000000, 0x00000007001004d0, 0x00000007c0000000)
  region size 1024K, 1 young (1024K), 1 survivors (1024K)
 Metaspace       used 86360K, capacity 88163K, committed 93900K, reserved 1130496K
  class space    used 11179K, capacity 11590K, committed 12800K, reserved 1048576K
}
Event: 24371.384 GC heap before
{Heap before GC invocations=1368 (full 147):
 garbage-first heap   total 157696K, used 135902K [0x0000000700000000, 0x00000007001004d0, 0x00000007c0000000)
  region size 1024K, 60 young (61440K), 1 survivors (1024K)
 Metaspace       used 86362K, capacity 88163K, committed 93900K, reserved 1130496K
  class space    used 11179K, capacity 11590K, committed 12800K, reserved 1048576K
}
Event: 24371.389 GC heap after
{Heap after GC invocations=1369 (full 147):
 garbage-first heap   total 157696K, used 75674K [0x0000000700000000, 0x00000007001004d0, 0x00000007c0000000)
  region size 1024K, 1 young (1024K), 1 survivors (1024K)
 Metaspace       used 86362K, capacity 88163K, committed 93900K, reserved 1130496K
  class space    used 11179K, capacity 11590K, committed 12800K, reserved 1048576K
}

